<?xml version="1.0" encoding="UTF-8"?>
<!-- Generated by org.testng.reporters.JUnitXMLReporter -->
<testsuite ignored="0" hostname="DESKTOP-DI2BRES" failures="0" tests="7" name="Test" time="13.32" errors="0" timestamp="2025-04-04T19:06:02 IST">
  <testcase classname="newDay1.AdactinHotelLogin" name="openApp" time="8.389"/>
  <testcase classname="newDay1.AdactinHotelLogin" name="login" time="1.284"/>
  <testcase classname="newDay1.AdactinHotelLogin" name="displayName" time="0.04"/>
  <testcase classname="newDay1.AdactinHotelLogin" name="logout" time="3.54"/>
  <testcase classname="newDay1.FirstTestCase" name="logout" time="0.002"/>
  <testcase classname="newDay1.FirstTestCase" name="openApp" time="0.002"/>
  <testcase classname="newDay1.FirstTestCase" name="login" time="0.002"/>
</testsuite> <!-- Test -->
